[debug] [2023-01-19T01:38:30.636Z] ----------------------------------------------------------------------
[debug] [2023-01-19T01:38:30.637Z] Command:       C:\Program Files\nodejs\node.exe C:\Users\Mark Mauro\AppData\Roaming\npm\node_modules\firebase-tools\lib\bin\firebase.js init
[debug] [2023-01-19T01:38:30.638Z] CLI Version:   11.20.0
[debug] [2023-01-19T01:38:30.638Z] Platform:      win32
[debug] [2023-01-19T01:38:30.638Z] Node Version:  v18.13.0
[debug] [2023-01-19T01:38:30.639Z] Time:          Wed Jan 18 2023 20:38:30 GMT-0500 (Eastern Standard Time)
[debug] [2023-01-19T01:38:30.639Z] ----------------------------------------------------------------------
[debug] 
[debug] [2023-01-19T01:38:30.644Z] > command requires scopes: ["email","openid","https://www.googleapis.com/auth/cloudplatformprojects.readonly","https://www.googleapis.com/auth/firebase","https://www.googleapis.com/auth/cloud-platform"]
[debug] [2023-01-19T01:38:30.644Z] > authorizing via signed-in user (markymauro@gmail.com)
[info] 
     ######## #### ########  ######## ########     ###     ######  ########
     ##        ##  ##     ## ##       ##     ##  ##   ##  ##       ##
     ######    ##  ########  ######   ########  #########  ######  ######
     ##        ##  ##    ##  ##       ##     ## ##     ##       ## ##
     ##       #### ##     ## ######## ########  ##     ##  ######  ########

You're about to initialize a Firebase project in this directory:

  C:\Users\Mark Mauro\Documents\newgradnomad.com

[info] 
=== Project Setup
[info] 
[info] First, let's associate this project directory with a Firebase project.
[info] You can create multiple project aliases by running firebase use --add, 
[info] but for now we'll just set up a default project.
[info] 
[debug] [2023-01-19T01:38:47.234Z] > refreshing access token with scopes: []
[debug] [2023-01-19T01:38:47.236Z] >>> [apiv2][query] POST https://www.googleapis.com/oauth2/v3/token [none]
[debug] [2023-01-19T01:38:47.236Z] >>> [apiv2][body] POST https://www.googleapis.com/oauth2/v3/token [omitted]
[debug] [2023-01-19T01:38:47.453Z] <<< [apiv2][status] POST https://www.googleapis.com/oauth2/v3/token 200
[debug] [2023-01-19T01:38:47.453Z] <<< [apiv2][body] POST https://www.googleapis.com/oauth2/v3/token [omitted]
[debug] [2023-01-19T01:38:47.464Z] >>> [apiv2][query] GET https://firebase.googleapis.com/v1beta1/projects pageSize=100
[debug] [2023-01-19T01:38:47.931Z] <<< [apiv2][status] GET https://firebase.googleapis.com/v1beta1/projects 200
[debug] [2023-01-19T01:38:47.931Z] <<< [apiv2][body] GET https://firebase.googleapis.com/v1beta1/projects [omitted]
[info] i  Using project newgradnomad-2d832 (newgradnomad) 
[info] 
=== Hosting Setup
[info] 
[info] Your public directory is the folder (relative to your project directory) that
[info] will contain Hosting assets to be uploaded with firebase deploy. If you
[info] have a build process for your assets, use your build's output directory.
[info] 
[debug] [2023-01-19T01:39:11.706Z] ----------------------------------------------------------------------
[debug] [2023-01-19T01:39:11.707Z] Command:       C:\Program Files\nodejs\node.exe C:\Users\Mark Mauro\AppData\Roaming\npm\node_modules\firebase-tools\lib\bin\firebase.js init
[debug] [2023-01-19T01:39:11.707Z] CLI Version:   11.20.0
[debug] [2023-01-19T01:39:11.708Z] Platform:      win32
[debug] [2023-01-19T01:39:11.708Z] Node Version:  v18.13.0
[debug] [2023-01-19T01:39:11.708Z] Time:          Wed Jan 18 2023 20:39:11 GMT-0500 (Eastern Standard Time)
[debug] [2023-01-19T01:39:11.708Z] ----------------------------------------------------------------------
[debug] 
[debug] [2023-01-19T01:39:11.713Z] > command requires scopes: ["email","openid","https://www.googleapis.com/auth/cloudplatformprojects.readonly","https://www.googleapis.com/auth/firebase","https://www.googleapis.com/auth/cloud-platform"]
[debug] [2023-01-19T01:39:11.714Z] > authorizing via signed-in user (markymauro@gmail.com)
[info] 
     ######## #### ########  ######## ########     ###     ######  ########
     ##        ##  ##     ## ##       ##     ##  ##   ##  ##       ##
     ######    ##  ########  ######   ########  #########  ######  ######
     ##        ##  ##    ##  ##       ##     ## ##     ##       ## ##
     ##       #### ##     ## ######## ########  ##     ##  ######  ########

You're about to initialize a Firebase project in this directory:

  C:\Users\Mark Mauro\Documents\newgradnomad.com

[info] 
=== Project Setup
[info] 
[info] First, let's associate this project directory with a Firebase project.
[info] You can create multiple project aliases by running firebase use --add, 
[info] but for now we'll just set up a default project.
[info] 
[debug] [2023-01-19T01:39:17.096Z] >>> [apiv2][query] GET https://firebase.googleapis.com/v1beta1/projects pageSize=100
[debug] [2023-01-19T01:39:17.550Z] <<< [apiv2][status] GET https://firebase.googleapis.com/v1beta1/projects 200
[debug] [2023-01-19T01:39:17.551Z] <<< [apiv2][body] GET https://firebase.googleapis.com/v1beta1/projects [omitted]
[info] i  Using project newgradnomad-2d832 (newgradnomad) 
[info] 
=== Hosting Setup
[info] 
[info] Your public directory is the folder (relative to your project directory) that
[info] will contain Hosting assets to be uploaded with firebase deploy. If you
[info] have a build process for your assets, use your build's output directory.
[info] 
[debug] [2023-01-19T01:39:29.317Z] >>> [apiv2][query] GET https://www.gstatic.com/firebasejs/releases.json [none]
[debug] [2023-01-19T01:39:29.479Z] <<< [apiv2][status] GET https://www.gstatic.com/firebasejs/releases.json 200
[debug] [2023-01-19T01:39:29.479Z] <<< [apiv2][body] GET https://www.gstatic.com/firebasejs/releases.json {"current":{"version":"9.15.0","browserURL":"https://www.gstatic.com/firebasejs/9.15.0/firebase.js","packageURL":"https://www.gstatic.com/firebasejs/9.15.0/firebase.tgz"},"live":{"version":"9.15","browserURL":"https://www.gstatic.com/firebasejs/live/9.15/firebase.js","packageURL":"https://www.gstatic.com/firebasejs/live/9.15/firebase.tgz"},"components":{"analytics":"https://www.gstatic.com/firebasejs/9.15.0/firebase-analytics.js","app":"https://www.gstatic.com/firebasejs/9.15.0/firebase-app.js","app-check":"https://www.gstatic.com/firebasejs/9.15.0/firebase-app-check.js","auth":"https://www.gstatic.com/firebasejs/9.15.0/firebase-auth.js","auth/cordova":"https://www.gstatic.com/firebasejs/9.15.0/firebase-auth/cordova.js","auth/react-native":"https://www.gstatic.com/firebasejs/9.15.0/firebase-auth/react-native.js","functions":"https://www.gstatic.com/firebasejs/9.15.0/firebase-functions.js","firestore":"https://www.gstatic.com/firebasejs/9.15.0/firebase-firestore.js","firestore/lite":"https://www.gstatic.com/firebasejs/9.15.0/firebase-firestore/lite.js","installations":"https://www.gstatic.com/firebasejs/9.15.0/firebase-installations.js","storage":"https://www.gstatic.com/firebasejs/9.15.0/firebase-storage.js","performance":"https://www.gstatic.com/firebasejs/9.15.0/firebase-performance.js","remote-config":"https://www.gstatic.com/firebasejs/9.15.0/firebase-remote-config.js","messaging":"https://www.gstatic.com/firebasejs/9.15.0/firebase-messaging.js","messaging/sw":"https://www.gstatic.com/firebasejs/9.15.0/firebase-messaging/sw.js","database":"https://www.gstatic.com/firebasejs/9.15.0/firebase-database.js","firestore.memory":"https://www.gstatic.com/firebasejs/9.15.0/firebase-firestore.memory.js"}}
[info] i  Skipping write of public/index.html 
[info] 
[info] i  Detected a .git folder at C:\Users\Mark Mauro 
[info] i  Authorizing with GitHub to upload your service account to a GitHub repository's secrets store. 
[info] 
[info] Visit this URL on this device to log in:
[info] https://github.com/login/oauth/authorize?client_id=89cf50f02ac6aaed3484&state=200978683&redirect_uri=http%3A%2F%2Flocalhost%3A9005&scope=read%3Auser%20repo%20public_repo
[info] 
[info] Waiting for authentication...
[debug] [2023-01-19T01:39:37.074Z] >>> [apiv2][query] POST https://github.com/login/oauth/access_token [none]
[debug] [2023-01-19T01:39:37.074Z] >>> [apiv2][body] POST https://github.com/login/oauth/access_token [stream]
[debug] [2023-01-19T01:39:37.405Z] <<< [apiv2][status] POST https://github.com/login/oauth/access_token 200
[debug] [2023-01-19T01:39:37.405Z] <<< [apiv2][body] POST https://github.com/login/oauth/access_token {"access_token":"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","token_type":"bearer","scope":"read:user,repo"}
[debug] [2023-01-19T01:39:37.408Z] >>> [apiv2][query] GET https://api.github.com/user [none]
[debug] [2023-01-19T01:39:37.650Z] <<< [apiv2][status] GET https://api.github.com/user 200
[debug] [2023-01-19T01:39:37.650Z] <<< [apiv2][body] GET https://api.github.com/user {"login":"markymauro13","id":18267324,"node_id":"MDQ6VXNlcjE4MjY3MzI0","avatar_url":"https://avatars.githubusercontent.com/u/18267324?v=4","gravatar_id":"","url":"https://api.github.com/users/markymauro13","html_url":"https://github.com/markymauro13","followers_url":"https://api.github.com/users/markymauro13/followers","following_url":"https://api.github.com/users/markymauro13/following{/other_user}","gists_url":"https://api.github.com/users/markymauro13/gists{/gist_id}","starred_url":"https://api.github.com/users/markymauro13/starred{/owner}{/repo}","subscriptions_url":"https://api.github.com/users/markymauro13/subscriptions","organizations_url":"https://api.github.com/users/markymauro13/orgs","repos_url":"https://api.github.com/users/markymauro13/repos","events_url":"https://api.github.com/users/markymauro13/events{/privacy}","received_events_url":"https://api.github.com/users/markymauro13/received_events","type":"User","site_admin":false,"name":"Mark Mauro","company":null,"blog":"marky.tech","location":"New York Metropolitan Area","email":"markymauro@gmail.com","hireable":null,"bio":"Software Developer","twitter_username":"markymauro","public_repos":46,"public_gists":0,"followers":24,"following":27,"created_at":"2016-04-04T16:21:44Z","updated_at":"2023-01-08T19:43:34Z","private_gists":0,"total_private_repos":11,"owned_private_repos":11,"disk_usage":260115,"collaborators":0,"two_factor_authentication":false,"plan":{"name":"free","space":976562499,"collaborators":0,"private_repos":10000}}
[info] 
[info] +  Success! Logged into GitHub as markymauro13 
[info] 
